{"/home/kevin/Projetos/SingMeASongAPI/src/database.js": {"path":"/home/kevin/Projetos/SingMeASongAPI/src/database.js","statementMap":{"0":{"start":{"line":3,"column":17},"end":{"line":3,"column":19}},"1":{"start":{"line":13,"column":4},"end":{"line":13,"column":15}},"2":{"start":{"line":15,"column":21},"end":{"line":21,"column":1}},"3":{"start":{"line":23,"column":0},"end":{"line":30,"column":1}},"4":{"start":{"line":24,"column":4},"end":{"line":29,"column":6}},"5":{"start":{"line":32,"column":19},"end":{"line":32,"column":43}}},"fnMap":{},"branchMap":{"0":{"loc":{"start":{"line":23,"column":0},"end":{"line":30,"column":1}},"type":"if","locations":[{"start":{"line":23,"column":0},"end":{"line":30,"column":1}},{"start":{},"end":{}}],"line":23}},"s":{"0":1,"1":1,"2":1,"3":1,"4":0,"5":1},"f":{},"b":{"0":[0,1]},"_coverageSchema":"1a1c01bbd47fc00a2c39e90264f33305004495a9","hash":"38604afc60a77ce431338033fb99c89be2ac6aac"}
,"/home/kevin/Projetos/SingMeASongAPI/src/errors/recommendationsError.js": {"path":"/home/kevin/Projetos/SingMeASongAPI/src/errors/recommendationsError.js","statementMap":{"0":{"start":{"line":3,"column":8},"end":{"line":3,"column":23}},"1":{"start":{"line":4,"column":8},"end":{"line":4,"column":43}}},"fnMap":{"0":{"name":"(anonymous_0)","decl":{"start":{"line":2,"column":4},"end":{"line":2,"column":5}},"loc":{"start":{"line":2,"column":25},"end":{"line":5,"column":5}},"line":2}},"branchMap":{},"s":{"0":2,"1":2},"f":{"0":2},"b":{},"_coverageSchema":"1a1c01bbd47fc00a2c39e90264f33305004495a9","hash":"77228d0ae5a5092ba87b343d66f50d8636f79e84"}
,"/home/kevin/Projetos/SingMeASongAPI/src/repositories/recommendationsRepository.js": {"path":"/home/kevin/Projetos/SingMeASongAPI/src/repositories/recommendationsRepository.js","statementMap":{"0":{"start":{"line":4,"column":19},"end":{"line":9,"column":28}},"1":{"start":{"line":10,"column":4},"end":{"line":10,"column":26}},"2":{"start":{"line":14,"column":19},"end":{"line":17,"column":13}},"3":{"start":{"line":18,"column":4},"end":{"line":18,"column":26}},"4":{"start":{"line":22,"column":19},"end":{"line":27,"column":20}},"5":{"start":{"line":28,"column":4},"end":{"line":28,"column":26}},"6":{"start":{"line":32,"column":19},"end":{"line":35,"column":13}},"7":{"start":{"line":36,"column":4},"end":{"line":36,"column":31}},"8":{"start":{"line":40,"column":16},"end":{"line":40,"column":37}},"9":{"start":{"line":41,"column":4},"end":{"line":41,"column":48}},"10":{"start":{"line":41,"column":19},"end":{"line":41,"column":48}},"11":{"start":{"line":42,"column":4},"end":{"line":42,"column":43}},"12":{"start":{"line":43,"column":19},"end":{"line":43,"column":48}},"13":{"start":{"line":44,"column":4},"end":{"line":44,"column":23}},"14":{"start":{"line":48,"column":19},"end":{"line":52,"column":17}},"15":{"start":{"line":53,"column":4},"end":{"line":53,"column":23}}},"fnMap":{"0":{"name":"newSong","decl":{"start":{"line":3,"column":15},"end":{"line":3,"column":22}},"loc":{"start":{"line":3,"column":46},"end":{"line":11,"column":1}},"line":3},"1":{"name":"checkSongById","decl":{"start":{"line":13,"column":15},"end":{"line":13,"column":28}},"loc":{"start":{"line":13,"column":37},"end":{"line":19,"column":1}},"line":13},"2":{"name":"changeScore","decl":{"start":{"line":21,"column":15},"end":{"line":21,"column":26}},"loc":{"start":{"line":21,"column":42},"end":{"line":29,"column":1}},"line":21},"3":{"name":"deleteSong","decl":{"start":{"line":31,"column":15},"end":{"line":31,"column":25}},"loc":{"start":{"line":31,"column":34},"end":{"line":37,"column":1}},"line":31},"4":{"name":"getRandomSong","decl":{"start":{"line":39,"column":15},"end":{"line":39,"column":28}},"loc":{"start":{"line":39,"column":44},"end":{"line":45,"column":1}},"line":39},"5":{"name":"listTopSongs","decl":{"start":{"line":47,"column":15},"end":{"line":47,"column":27}},"loc":{"start":{"line":47,"column":40},"end":{"line":54,"column":1}},"line":47}},"branchMap":{"0":{"loc":{"start":{"line":41,"column":4},"end":{"line":41,"column":48}},"type":"if","locations":[{"start":{"line":41,"column":4},"end":{"line":41,"column":48}},{"start":{},"end":{}}],"line":41}},"s":{"0":0,"1":0,"2":0,"3":0,"4":0,"5":0,"6":0,"7":0,"8":0,"9":0,"10":0,"11":0,"12":0,"13":0,"14":0,"15":0},"f":{"0":0,"1":0,"2":0,"3":0,"4":0,"5":0},"b":{"0":[0,0]},"_coverageSchema":"1a1c01bbd47fc00a2c39e90264f33305004495a9","hash":"09c4f488fb45e11b81b5457aa46ff8e1d39eee1a"}
,"/home/kevin/Projetos/SingMeASongAPI/src/services/recommendationsService.js": {"path":"/home/kevin/Projetos/SingMeASongAPI/src/services/recommendationsService.js","statementMap":{"0":{"start":{"line":5,"column":4},"end":{"line":5,"column":68}},"1":{"start":{"line":9,"column":27},"end":{"line":9,"column":80}},"2":{"start":{"line":10,"column":4},"end":{"line":12,"column":5}},"3":{"start":{"line":11,"column":8},"end":{"line":11,"column":73}},"4":{"start":{"line":13,"column":4},"end":{"line":13,"column":90}},"5":{"start":{"line":17,"column":27},"end":{"line":17,"column":80}},"6":{"start":{"line":18,"column":4},"end":{"line":20,"column":5}},"7":{"start":{"line":19,"column":8},"end":{"line":19,"column":73}},"8":{"start":{"line":21,"column":4},"end":{"line":24,"column":5}},"9":{"start":{"line":22,"column":8},"end":{"line":22,"column":59}},"10":{"start":{"line":23,"column":8},"end":{"line":23,"column":18}},"11":{"start":{"line":25,"column":4},"end":{"line":25,"column":90}},"12":{"start":{"line":29,"column":15},"end":{"line":29,"column":96}},"13":{"start":{"line":30,"column":4},"end":{"line":32,"column":5}},"14":{"start":{"line":31,"column":8},"end":{"line":31,"column":83}},"15":{"start":{"line":33,"column":4},"end":{"line":33,"column":91}},"16":{"start":{"line":33,"column":27},"end":{"line":33,"column":91}},"17":{"start":{"line":34,"column":4},"end":{"line":34,"column":16}},"18":{"start":{"line":38,"column":4},"end":{"line":38,"column":62}}},"fnMap":{"0":{"name":"newSong","decl":{"start":{"line":4,"column":15},"end":{"line":4,"column":22}},"loc":{"start":{"line":4,"column":46},"end":{"line":6,"column":1}},"line":4},"1":{"name":"increaseScore","decl":{"start":{"line":8,"column":15},"end":{"line":8,"column":28}},"loc":{"start":{"line":8,"column":37},"end":{"line":14,"column":1}},"line":8},"2":{"name":"decreaseScore","decl":{"start":{"line":16,"column":15},"end":{"line":16,"column":28}},"loc":{"start":{"line":16,"column":37},"end":{"line":26,"column":1}},"line":16},"3":{"name":"randomSong","decl":{"start":{"line":28,"column":15},"end":{"line":28,"column":25}},"loc":{"start":{"line":28,"column":28},"end":{"line":35,"column":1}},"line":28},"4":{"name":"listTopSongs","decl":{"start":{"line":37,"column":15},"end":{"line":37,"column":27}},"loc":{"start":{"line":37,"column":40},"end":{"line":39,"column":1}},"line":37}},"branchMap":{"0":{"loc":{"start":{"line":10,"column":4},"end":{"line":12,"column":5}},"type":"if","locations":[{"start":{"line":10,"column":4},"end":{"line":12,"column":5}},{"start":{},"end":{}}],"line":10},"1":{"loc":{"start":{"line":18,"column":4},"end":{"line":20,"column":5}},"type":"if","locations":[{"start":{"line":18,"column":4},"end":{"line":20,"column":5}},{"start":{},"end":{}}],"line":18},"2":{"loc":{"start":{"line":21,"column":4},"end":{"line":24,"column":5}},"type":"if","locations":[{"start":{"line":21,"column":4},"end":{"line":24,"column":5}},{"start":{},"end":{}}],"line":21},"3":{"loc":{"start":{"line":30,"column":4},"end":{"line":32,"column":5}},"type":"if","locations":[{"start":{"line":30,"column":4},"end":{"line":32,"column":5}},{"start":{},"end":{}}],"line":30},"4":{"loc":{"start":{"line":33,"column":4},"end":{"line":33,"column":91}},"type":"if","locations":[{"start":{"line":33,"column":4},"end":{"line":33,"column":91}},{"start":{},"end":{}}],"line":33}},"s":{"0":1,"1":2,"2":2,"3":1,"4":1,"5":3,"6":3,"7":1,"8":2,"9":1,"10":1,"11":1,"12":0,"13":0,"14":0,"15":0,"16":0,"17":0,"18":0},"f":{"0":1,"1":2,"2":3,"3":0,"4":0},"b":{"0":[1,1],"1":[1,2],"2":[1,1],"3":[0,0],"4":[0,0]},"_coverageSchema":"1a1c01bbd47fc00a2c39e90264f33305004495a9","hash":"68187dcbdb3d08b04029dacbaa0203e864324ca2"}
}
