TN:
SF:src/database.js
FNF:0
FNH:0
DA:3,1
DA:13,1
DA:15,1
DA:23,1
DA:24,0
DA:32,1
LF:6
LH:5
BRDA:23,0,0,0
BRDA:23,0,1,1
BRF:2
BRH:1
end_of_record
TN:
SF:src/errors/recommendationsError.js
FN:2,(anonymous_0)
FNF:1
FNH:1
FNDA:3,(anonymous_0)
DA:3,3
DA:4,3
LF:2
LH:2
BRF:0
BRH:0
end_of_record
TN:
SF:src/repositories/recommendationsRepository.js
FN:3,newSong
FN:13,checkSongById
FN:21,changeScore
FN:31,deleteSong
FN:39,getRandomSong
FN:47,listTopSongs
FNF:6
FNH:0
FNDA:0,newSong
FNDA:0,checkSongById
FNDA:0,changeScore
FNDA:0,deleteSong
FNDA:0,getRandomSong
FNDA:0,listTopSongs
DA:4,0
DA:10,0
DA:14,0
DA:18,0
DA:22,0
DA:28,0
DA:32,0
DA:36,0
DA:40,0
DA:41,0
DA:42,0
DA:43,0
DA:44,0
DA:48,0
DA:53,0
LF:15
LH:0
BRDA:41,0,0,0
BRDA:41,0,1,0
BRF:2
BRH:0
end_of_record
TN:
SF:src/services/recommendationsService.js
FN:4,newSong
FN:8,increaseScore
FN:16,decreaseScore
FN:28,randomSong
FN:37,listTopSongs
FNF:5
FNH:4
FNDA:1,newSong
FNDA:2,increaseScore
FNDA:3,decreaseScore
FNDA:3,randomSong
FNDA:0,listTopSongs
DA:5,1
DA:9,2
DA:10,2
DA:11,1
DA:13,1
DA:17,3
DA:18,3
DA:19,1
DA:21,2
DA:22,1
DA:23,1
DA:25,1
DA:29,3
DA:30,3
DA:31,1
DA:33,3
DA:34,2
DA:38,0
LF:18
LH:17
BRDA:10,0,0,1
BRDA:10,0,1,1
BRDA:18,1,0,1
BRDA:18,1,1,2
BRDA:21,2,0,1
BRDA:21,2,1,1
BRDA:30,3,0,1
BRDA:30,3,1,2
BRDA:33,4,0,1
BRDA:33,4,1,2
BRF:10
BRH:10
end_of_record
